{
  "uid" : "8fc88dd275701383",
  "name" : "logInNegativeTest()",
  "fullName" : "LoginTest.logInNegativeTest",
  "historyId" : "c2dc84830fada41212019e26b9c63cd4",
  "time" : {
    "start" : 1629135073230,
    "stop" : 1629135073399,
    "duration" : 169
  },
  "description" : "",
  "status" : "broken",
  "statusMessage" : "unknown error: Chrome failed to start: exited abnormally.\n  (unknown error: DevToolsActivePort file doesn't exist)\n  (The process started from chrome location /usr/bin/google-chrome is no longer running, so ChromeDriver is assuming that Chrome has crashed.)\nBuild info: version: '3.141.59', revision: 'e82be7d358', time: '2018-11-14T08:17:03'\nSystem info: host: 'fv-az47-628', ip: '10.1.0.206', os.name: 'Linux', os.arch: 'amd64', os.version: '5.8.0-1039-azure', java.version: '1.8.0_302'\nDriver info: driver.version: ChromeDriver\nremote stacktrace: #0 0x560d50ff2a63 <unknown>\n#1 0x560d50d67458 <unknown>\n#2 0x560d50d8a2e3 <unknown>\n#3 0x560d50d85e9f <unknown>\n#4 0x560d50dbfb72 <unknown>\n#5 0x560d50db9fd3 <unknown>\n#6 0x560d50d90514 <unknown>\n#7 0x560d50d91505 <unknown>\n#8 0x560d5101ee2e <unknown>\n#9 0x560d51034886 <unknown>\n#10 0x560d5101fd75 <unknown>\n#11 0x560d51035d94 <unknown>\n#12 0x560d510168eb <unknown>\n#13 0x560d51050cd8 <unknown>\n#14 0x560d51050e58 <unknown>\n#15 0x560d5106adfd <unknown>\n#16 0x7f0a0e75d609 start_thread\n",
  "statusTrace" : "org.openqa.selenium.WebDriverException: unknown error: Chrome failed to start: exited abnormally.\n  (unknown error: DevToolsActivePort file doesn't exist)\n  (The process started from chrome location /usr/bin/google-chrome is no longer running, so ChromeDriver is assuming that Chrome has crashed.)\nBuild info: version: '3.141.59', revision: 'e82be7d358', time: '2018-11-14T08:17:03'\nSystem info: host: 'fv-az47-628', ip: '10.1.0.206', os.name: 'Linux', os.arch: 'amd64', os.version: '5.8.0-1039-azure', java.version: '1.8.0_302'\nDriver info: driver.version: ChromeDriver\nremote stacktrace: #0 0x560d50ff2a63 <unknown>\n#1 0x560d50d67458 <unknown>\n#2 0x560d50d8a2e3 <unknown>\n#3 0x560d50d85e9f <unknown>\n#4 0x560d50dbfb72 <unknown>\n#5 0x560d50db9fd3 <unknown>\n#6 0x560d50d90514 <unknown>\n#7 0x560d50d91505 <unknown>\n#8 0x560d5101ee2e <unknown>\n#9 0x560d51034886 <unknown>\n#10 0x560d5101fd75 <unknown>\n#11 0x560d51035d94 <unknown>\n#12 0x560d510168eb <unknown>\n#13 0x560d51050cd8 <unknown>\n#14 0x560d51050e58 <unknown>\n#15 0x560d5106adfd <unknown>\n#16 0x7f0a0e75d609 start_thread\n\n\tat sun.reflect.NativeConstructorAccessorImpl.newInstance0(Native Method)\n\tat sun.reflect.NativeConstructorAccessorImpl.newInstance(NativeConstructorAccessorImpl.java:62)\n\tat sun.reflect.DelegatingConstructorAccessorImpl.newInstance(DelegatingConstructorAccessorImpl.java:45)\n\tat java.lang.reflect.Constructor.newInstance(Constructor.java:423)\n\tat org.openqa.selenium.remote.W3CHandshakeResponse.lambda$errorHandler$0(W3CHandshakeResponse.java:62)\n\tat org.openqa.selenium.remote.HandshakeResponse.lambda$getResponseFunction$0(HandshakeResponse.java:30)\n\tat org.openqa.selenium.remote.ProtocolHandshake.lambda$createSession$0(ProtocolHandshake.java:126)\n\tat java.util.stream.ReferencePipeline$3$1.accept(ReferencePipeline.java:193)\n\tat java.util.Spliterators$ArraySpliterator.tryAdvance(Spliterators.java:958)\n\tat java.util.stream.ReferencePipeline.forEachWithCancel(ReferencePipeline.java:126)\n\tat java.util.stream.AbstractPipeline.copyIntoWithCancel(AbstractPipeline.java:499)\n\tat java.util.stream.AbstractPipeline.copyInto(AbstractPipeline.java:486)\n\tat java.util.stream.AbstractPipeline.wrapAndCopyInto(AbstractPipeline.java:472)\n\tat java.util.stream.FindOps$FindOp.evaluateSequential(FindOps.java:152)\n\tat java.util.stream.AbstractPipeline.evaluate(AbstractPipeline.java:234)\n\tat java.util.stream.ReferencePipeline.findFirst(ReferencePipeline.java:531)\n\tat org.openqa.selenium.remote.ProtocolHandshake.createSession(ProtocolHandshake.java:128)\n\tat org.openqa.selenium.remote.ProtocolHandshake.createSession(ProtocolHandshake.java:74)\n\tat org.openqa.selenium.remote.HttpCommandExecutor.execute(HttpCommandExecutor.java:136)\n\tat org.openqa.selenium.remote.service.DriverCommandExecutor.execute(DriverCommandExecutor.java:83)\n\tat org.openqa.selenium.remote.RemoteWebDriver.execute(RemoteWebDriver.java:552)\n\tat org.openqa.selenium.remote.RemoteWebDriver.startSession(RemoteWebDriver.java:213)\n\tat org.openqa.selenium.remote.RemoteWebDriver.<init>(RemoteWebDriver.java:131)\n\tat org.openqa.selenium.chrome.ChromeDriver.<init>(ChromeDriver.java:181)\n\tat org.openqa.selenium.chrome.ChromeDriver.<init>(ChromeDriver.java:168)\n\tat org.openqa.selenium.chrome.ChromeDriver.<init>(ChromeDriver.java:157)\n\tat BaseTest.setUp(BaseTest.java:25)\n\tat sun.reflect.NativeMethodAccessorImpl.invoke0(Native Method)\n\tat sun.reflect.NativeMethodAccessorImpl.invoke(NativeMethodAccessorImpl.java:62)\n\tat sun.reflect.DelegatingMethodAccessorImpl.invoke(DelegatingMethodAccessorImpl.java:43)\n\tat java.lang.reflect.Method.invoke(Method.java:498)\n\tat org.junit.platform.commons.util.ReflectionUtils.invokeMethod(ReflectionUtils.java:688)\n\tat org.junit.jupiter.engine.execution.MethodInvocation.proceed(MethodInvocation.java:60)\n\tat org.junit.jupiter.engine.execution.InvocationInterceptorChain$ValidatingInvocation.proceed(InvocationInterceptorChain.java:131)\n\tat io.qameta.allure.junit5.AllureJunit5.processFixture(AllureJunit5.java:87)\n\tat io.qameta.allure.junit5.AllureJunit5.interceptBeforeEachMethod(AllureJunit5.java:65)\n\tat org.junit.jupiter.engine.execution.ExecutableInvoker$ReflectiveInterceptorCall.lambda$ofVoidMethod$0(ExecutableInvoker.java:115)\n\tat org.junit.jupiter.engine.execution.ExecutableInvoker.lambda$invoke$0(ExecutableInvoker.java:105)\n\tat org.junit.jupiter.engine.execution.InvocationInterceptorChain$InterceptedInvocation.proceed(InvocationInterceptorChain.java:106)\n\tat org.junit.jupiter.engine.extension.TimeoutExtension.intercept(TimeoutExtension.java:149)\n\tat org.junit.jupiter.engine.extension.TimeoutExtension.interceptLifecycleMethod(TimeoutExtension.java:126)\n\tat org.junit.jupiter.engine.extension.TimeoutExtension.interceptBeforeEachMethod(TimeoutExtension.java:76)\n\tat org.junit.jupiter.engine.execution.ExecutableInvoker$ReflectiveInterceptorCall.lambda$ofVoidMethod$0(ExecutableInvoker.java:115)\n\tat org.junit.jupiter.engine.execution.ExecutableInvoker.lambda$invoke$0(ExecutableInvoker.java:105)\n\tat org.junit.jupiter.engine.execution.InvocationInterceptorChain$InterceptedInvocation.proceed(InvocationInterceptorChain.java:106)\n\tat org.junit.jupiter.engine.execution.InvocationInterceptorChain.proceed(InvocationInterceptorChain.java:64)\n\tat org.junit.jupiter.engine.execution.InvocationInterceptorChain.chainAndInvoke(InvocationInterceptorChain.java:45)\n\tat org.junit.jupiter.engine.execution.InvocationInterceptorChain.invoke(InvocationInterceptorChain.java:37)\n\tat org.junit.jupiter.engine.execution.ExecutableInvoker.invoke(ExecutableInvoker.java:104)\n\tat org.junit.jupiter.engine.execution.ExecutableInvoker.invoke(ExecutableInvoker.java:98)\n\tat org.junit.jupiter.engine.descriptor.ClassBasedTestDescriptor.invokeMethodInExtensionContext(ClassBasedTestDescriptor.java:490)\n\tat org.junit.jupiter.engine.descriptor.ClassBasedTestDescriptor.lambda$synthesizeBeforeEachMethodAdapter$19(ClassBasedTestDescriptor.java:475)\n\tat org.junit.jupiter.engine.descriptor.TestMethodTestDescriptor.lambda$invokeBeforeEachMethods$2(TestMethodTestDescriptor.java:167)\n\tat org.junit.jupiter.engine.descriptor.TestMethodTestDescriptor.lambda$invokeBeforeMethodsOrCallbacksUntilExceptionOccurs$5(TestMethodTestDescriptor.java:195)\n\tat org.junit.platform.engine.support.hierarchical.ThrowableCollector.execute(ThrowableCollector.java:73)\n\tat org.junit.jupiter.engine.descriptor.TestMethodTestDescriptor.invokeBeforeMethodsOrCallbacksUntilExceptionOccurs(TestMethodTestDescriptor.java:195)\n\tat org.junit.jupiter.engine.descriptor.TestMethodTestDescriptor.invokeBeforeEachMethods(TestMethodTestDescriptor.java:164)\n\tat org.junit.jupiter.engine.descriptor.TestMethodTestDescriptor.execute(TestMethodTestDescriptor.java:127)\n\tat org.junit.jupiter.engine.descriptor.TestMethodTestDescriptor.execute(TestMethodTestDescriptor.java:65)\n\tat org.junit.platform.engine.support.hierarchical.NodeTestTask.lambda$executeRecursively$5(NodeTestTask.java:139)\n\tat org.junit.platform.engine.support.hierarchical.ThrowableCollector.execute(ThrowableCollector.java:73)\n\tat org.junit.platform.engine.support.hierarchical.NodeTestTask.lambda$executeRecursively$7(NodeTestTask.java:129)\n\tat org.junit.platform.engine.support.hierarchical.Node.around(Node.java:137)\n\tat org.junit.platform.engine.support.hierarchical.NodeTestTask.lambda$executeRecursively$8(NodeTestTask.java:127)\n\tat org.junit.platform.engine.support.hierarchical.ThrowableCollector.execute(ThrowableCollector.java:73)\n\tat org.junit.platform.engine.support.hierarchical.NodeTestTask.executeRecursively(NodeTestTask.java:126)\n\tat org.junit.platform.engine.support.hierarchical.NodeTestTask.execute(NodeTestTask.java:84)\n\tat org.junit.platform.engine.support.hierarchical.ForkJoinPoolHierarchicalTestExecutorService$ExclusiveTask.compute(ForkJoinPoolHierarchicalTestExecutorService.java:185)\n\tat org.junit.platform.engine.support.hierarchical.ForkJoinPoolHierarchicalTestExecutorService.executeNonConcurrentTasks(ForkJoinPoolHierarchicalTestExecutorService.java:155)\n\tat org.junit.platform.engine.support.hierarchical.ForkJoinPoolHierarchicalTestExecutorService.invokeAll(ForkJoinPoolHierarchicalTestExecutorService.java:135)\n\tat org.junit.platform.engine.support.hierarchical.NodeTestTask.lambda$executeRecursively$5(NodeTestTask.java:143)\n\tat org.junit.platform.engine.support.hierarchical.ThrowableCollector.execute(ThrowableCollector.java:73)\n\tat org.junit.platform.engine.support.hierarchical.NodeTestTask.lambda$executeRecursively$7(NodeTestTask.java:129)\n\tat org.junit.platform.engine.support.hierarchical.Node.around(Node.java:137)\n\tat org.junit.platform.engine.support.hierarchical.NodeTestTask.lambda$executeRecursively$8(NodeTestTask.java:127)\n\tat org.junit.platform.engine.support.hierarchical.ThrowableCollector.execute(ThrowableCollector.java:73)\n\tat org.junit.platform.engine.support.hierarchical.NodeTestTask.executeRecursively(NodeTestTask.java:126)\n\tat org.junit.platform.engine.support.hierarchical.NodeTestTask.execute(NodeTestTask.java:84)\n\tat org.junit.platform.engine.support.hierarchical.ForkJoinPoolHierarchicalTestExecutorService$ExclusiveTask.compute(ForkJoinPoolHierarchicalTestExecutorService.java:185)\n\tat org.junit.platform.engine.support.hierarchical.ForkJoinPoolHierarchicalTestExecutorService.executeNonConcurrentTasks(ForkJoinPoolHierarchicalTestExecutorService.java:155)\n\tat org.junit.platform.engine.support.hierarchical.ForkJoinPoolHierarchicalTestExecutorService.invokeAll(ForkJoinPoolHierarchicalTestExecutorService.java:135)\n\tat org.junit.platform.engine.support.hierarchical.NodeTestTask.lambda$executeRecursively$5(NodeTestTask.java:143)\n\tat org.junit.platform.engine.support.hierarchical.ThrowableCollector.execute(ThrowableCollector.java:73)\n\tat org.junit.platform.engine.support.hierarchical.NodeTestTask.lambda$executeRecursively$7(NodeTestTask.java:129)\n\tat org.junit.platform.engine.support.hierarchical.Node.around(Node.java:137)\n\tat org.junit.platform.engine.support.hierarchical.NodeTestTask.lambda$executeRecursively$8(NodeTestTask.java:127)\n\tat org.junit.platform.engine.support.hierarchical.ThrowableCollector.execute(ThrowableCollector.java:73)\n\tat org.junit.platform.engine.support.hierarchical.NodeTestTask.executeRecursively(NodeTestTask.java:126)\n\tat org.junit.platform.engine.support.hierarchical.NodeTestTask.execute(NodeTestTask.java:84)\n\tat org.junit.platform.engine.support.hierarchical.ForkJoinPoolHierarchicalTestExecutorService$ExclusiveTask.compute(ForkJoinPoolHierarchicalTestExecutorService.java:185)\n\tat java.util.concurrent.RecursiveAction.exec(RecursiveAction.java:189)\n\tat java.util.concurrent.ForkJoinTask.doExec(ForkJoinTask.java:289)\n\tat java.util.concurrent.ForkJoinPool$WorkQueue.runTask(ForkJoinPool.java:1056)\n\tat java.util.concurrent.ForkJoinPool.runWorker(ForkJoinPool.java:1692)\n\tat java.util.concurrent.ForkJoinWorkerThread.run(ForkJoinWorkerThread.java:175)\n",
  "flaky" : false,
  "newFailed" : false,
  "beforeStages" : [ {
    "name" : "setUp",
    "time" : {
      "start" : 1629135073230,
      "stop" : 1629135073398,
      "duration" : 168
    },
    "status" : "broken",
    "statusMessage" : "unknown error: Chrome failed to start: exited abnormally.\n  (unknown error: DevToolsActivePort file doesn't exist)\n  (The process started from chrome location /usr/bin/google-chrome is no longer running, so ChromeDriver is assuming that Chrome has crashed.)\nBuild info: version: '3.141.59', revision: 'e82be7d358', time: '2018-11-14T08:17:03'\nSystem info: host: 'fv-az47-628', ip: '10.1.0.206', os.name: 'Linux', os.arch: 'amd64', os.version: '5.8.0-1039-azure', java.version: '1.8.0_302'\nDriver info: driver.version: ChromeDriver\nremote stacktrace: #0 0x560d50ff2a63 <unknown>\n#1 0x560d50d67458 <unknown>\n#2 0x560d50d8a2e3 <unknown>\n#3 0x560d50d85e9f <unknown>\n#4 0x560d50dbfb72 <unknown>\n#5 0x560d50db9fd3 <unknown>\n#6 0x560d50d90514 <unknown>\n#7 0x560d50d91505 <unknown>\n#8 0x560d5101ee2e <unknown>\n#9 0x560d51034886 <unknown>\n#10 0x560d5101fd75 <unknown>\n#11 0x560d51035d94 <unknown>\n#12 0x560d510168eb <unknown>\n#13 0x560d51050cd8 <unknown>\n#14 0x560d51050e58 <unknown>\n#15 0x560d5106adfd <unknown>\n#16 0x7f0a0e75d609 start_thread\n",
    "statusTrace" : "org.openqa.selenium.WebDriverException: unknown error: Chrome failed to start: exited abnormally.\n  (unknown error: DevToolsActivePort file doesn't exist)\n  (The process started from chrome location /usr/bin/google-chrome is no longer running, so ChromeDriver is assuming that Chrome has crashed.)\nBuild info: version: '3.141.59', revision: 'e82be7d358', time: '2018-11-14T08:17:03'\nSystem info: host: 'fv-az47-628', ip: '10.1.0.206', os.name: 'Linux', os.arch: 'amd64', os.version: '5.8.0-1039-azure', java.version: '1.8.0_302'\nDriver info: driver.version: ChromeDriver\nremote stacktrace: #0 0x560d50ff2a63 <unknown>\n#1 0x560d50d67458 <unknown>\n#2 0x560d50d8a2e3 <unknown>\n#3 0x560d50d85e9f <unknown>\n#4 0x560d50dbfb72 <unknown>\n#5 0x560d50db9fd3 <unknown>\n#6 0x560d50d90514 <unknown>\n#7 0x560d50d91505 <unknown>\n#8 0x560d5101ee2e <unknown>\n#9 0x560d51034886 <unknown>\n#10 0x560d5101fd75 <unknown>\n#11 0x560d51035d94 <unknown>\n#12 0x560d510168eb <unknown>\n#13 0x560d51050cd8 <unknown>\n#14 0x560d51050e58 <unknown>\n#15 0x560d5106adfd <unknown>\n#16 0x7f0a0e75d609 start_thread\n\n\tat sun.reflect.NativeConstructorAccessorImpl.newInstance0(Native Method)\n\tat sun.reflect.NativeConstructorAccessorImpl.newInstance(NativeConstructorAccessorImpl.java:62)\n\tat sun.reflect.DelegatingConstructorAccessorImpl.newInstance(DelegatingConstructorAccessorImpl.java:45)\n\tat java.lang.reflect.Constructor.newInstance(Constructor.java:423)\n\tat org.openqa.selenium.remote.W3CHandshakeResponse.lambda$errorHandler$0(W3CHandshakeResponse.java:62)\n\tat org.openqa.selenium.remote.HandshakeResponse.lambda$getResponseFunction$0(HandshakeResponse.java:30)\n\tat org.openqa.selenium.remote.ProtocolHandshake.lambda$createSession$0(ProtocolHandshake.java:126)\n\tat java.util.stream.ReferencePipeline$3$1.accept(ReferencePipeline.java:193)\n\tat java.util.Spliterators$ArraySpliterator.tryAdvance(Spliterators.java:958)\n\tat java.util.stream.ReferencePipeline.forEachWithCancel(ReferencePipeline.java:126)\n\tat java.util.stream.AbstractPipeline.copyIntoWithCancel(AbstractPipeline.java:499)\n\tat java.util.stream.AbstractPipeline.copyInto(AbstractPipeline.java:486)\n\tat java.util.stream.AbstractPipeline.wrapAndCopyInto(AbstractPipeline.java:472)\n\tat java.util.stream.FindOps$FindOp.evaluateSequential(FindOps.java:152)\n\tat java.util.stream.AbstractPipeline.evaluate(AbstractPipeline.java:234)\n\tat java.util.stream.ReferencePipeline.findFirst(ReferencePipeline.java:531)\n\tat org.openqa.selenium.remote.ProtocolHandshake.createSession(ProtocolHandshake.java:128)\n\tat org.openqa.selenium.remote.ProtocolHandshake.createSession(ProtocolHandshake.java:74)\n\tat org.openqa.selenium.remote.HttpCommandExecutor.execute(HttpCommandExecutor.java:136)\n\tat org.openqa.selenium.remote.service.DriverCommandExecutor.execute(DriverCommandExecutor.java:83)\n\tat org.openqa.selenium.remote.RemoteWebDriver.execute(RemoteWebDriver.java:552)\n\tat org.openqa.selenium.remote.RemoteWebDriver.startSession(RemoteWebDriver.java:213)\n\tat org.openqa.selenium.remote.RemoteWebDriver.<init>(RemoteWebDriver.java:131)\n\tat org.openqa.selenium.chrome.ChromeDriver.<init>(ChromeDriver.java:181)\n\tat org.openqa.selenium.chrome.ChromeDriver.<init>(ChromeDriver.java:168)\n\tat org.openqa.selenium.chrome.ChromeDriver.<init>(ChromeDriver.java:157)\n\tat BaseTest.setUp(BaseTest.java:25)\n\tat sun.reflect.NativeMethodAccessorImpl.invoke0(Native Method)\n\tat sun.reflect.NativeMethodAccessorImpl.invoke(NativeMethodAccessorImpl.java:62)\n\tat sun.reflect.DelegatingMethodAccessorImpl.invoke(DelegatingMethodAccessorImpl.java:43)\n\tat java.lang.reflect.Method.invoke(Method.java:498)\n\tat org.junit.platform.commons.util.ReflectionUtils.invokeMethod(ReflectionUtils.java:688)\n\tat org.junit.jupiter.engine.execution.MethodInvocation.proceed(MethodInvocation.java:60)\n\tat org.junit.jupiter.engine.execution.InvocationInterceptorChain$ValidatingInvocation.proceed(InvocationInterceptorChain.java:131)\n\tat io.qameta.allure.junit5.AllureJunit5.processFixture(AllureJunit5.java:87)\n\tat io.qameta.allure.junit5.AllureJunit5.interceptBeforeEachMethod(AllureJunit5.java:65)\n\tat org.junit.jupiter.engine.execution.ExecutableInvoker$ReflectiveInterceptorCall.lambda$ofVoidMethod$0(ExecutableInvoker.java:115)\n\tat org.junit.jupiter.engine.execution.ExecutableInvoker.lambda$invoke$0(ExecutableInvoker.java:105)\n\tat org.junit.jupiter.engine.execution.InvocationInterceptorChain$InterceptedInvocation.proceed(InvocationInterceptorChain.java:106)\n\tat org.junit.jupiter.engine.extension.TimeoutExtension.intercept(TimeoutExtension.java:149)\n\tat org.junit.jupiter.engine.extension.TimeoutExtension.interceptLifecycleMethod(TimeoutExtension.java:126)\n\tat org.junit.jupiter.engine.extension.TimeoutExtension.interceptBeforeEachMethod(TimeoutExtension.java:76)\n\tat org.junit.jupiter.engine.execution.ExecutableInvoker$ReflectiveInterceptorCall.lambda$ofVoidMethod$0(ExecutableInvoker.java:115)\n\tat org.junit.jupiter.engine.execution.ExecutableInvoker.lambda$invoke$0(ExecutableInvoker.java:105)\n\tat org.junit.jupiter.engine.execution.InvocationInterceptorChain$InterceptedInvocation.proceed(InvocationInterceptorChain.java:106)\n\tat org.junit.jupiter.engine.execution.InvocationInterceptorChain.proceed(InvocationInterceptorChain.java:64)\n\tat org.junit.jupiter.engine.execution.InvocationInterceptorChain.chainAndInvoke(InvocationInterceptorChain.java:45)\n\tat org.junit.jupiter.engine.execution.InvocationInterceptorChain.invoke(InvocationInterceptorChain.java:37)\n\tat org.junit.jupiter.engine.execution.ExecutableInvoker.invoke(ExecutableInvoker.java:104)\n\tat org.junit.jupiter.engine.execution.ExecutableInvoker.invoke(ExecutableInvoker.java:98)\n\tat org.junit.jupiter.engine.descriptor.ClassBasedTestDescriptor.invokeMethodInExtensionContext(ClassBasedTestDescriptor.java:490)\n\tat org.junit.jupiter.engine.descriptor.ClassBasedTestDescriptor.lambda$synthesizeBeforeEachMethodAdapter$19(ClassBasedTestDescriptor.java:475)\n\tat org.junit.jupiter.engine.descriptor.TestMethodTestDescriptor.lambda$invokeBeforeEachMethods$2(TestMethodTestDescriptor.java:167)\n\tat org.junit.jupiter.engine.descriptor.TestMethodTestDescriptor.lambda$invokeBeforeMethodsOrCallbacksUntilExceptionOccurs$5(TestMethodTestDescriptor.java:195)\n\tat org.junit.platform.engine.support.hierarchical.ThrowableCollector.execute(ThrowableCollector.java:73)\n\tat org.junit.jupiter.engine.descriptor.TestMethodTestDescriptor.invokeBeforeMethodsOrCallbacksUntilExceptionOccurs(TestMethodTestDescriptor.java:195)\n\tat org.junit.jupiter.engine.descriptor.TestMethodTestDescriptor.invokeBeforeEachMethods(TestMethodTestDescriptor.java:164)\n\tat org.junit.jupiter.engine.descriptor.TestMethodTestDescriptor.execute(TestMethodTestDescriptor.java:127)\n\tat org.junit.jupiter.engine.descriptor.TestMethodTestDescriptor.execute(TestMethodTestDescriptor.java:65)\n\tat org.junit.platform.engine.support.hierarchical.NodeTestTask.lambda$executeRecursively$5(NodeTestTask.java:139)\n\tat org.junit.platform.engine.support.hierarchical.ThrowableCollector.execute(ThrowableCollector.java:73)\n\tat org.junit.platform.engine.support.hierarchical.NodeTestTask.lambda$executeRecursively$7(NodeTestTask.java:129)\n\tat org.junit.platform.engine.support.hierarchical.Node.around(Node.java:137)\n\tat org.junit.platform.engine.support.hierarchical.NodeTestTask.lambda$executeRecursively$8(NodeTestTask.java:127)\n\tat org.junit.platform.engine.support.hierarchical.ThrowableCollector.execute(ThrowableCollector.java:73)\n\tat org.junit.platform.engine.support.hierarchical.NodeTestTask.executeRecursively(NodeTestTask.java:126)\n\tat org.junit.platform.engine.support.hierarchical.NodeTestTask.execute(NodeTestTask.java:84)\n\tat org.junit.platform.engine.support.hierarchical.ForkJoinPoolHierarchicalTestExecutorService$ExclusiveTask.compute(ForkJoinPoolHierarchicalTestExecutorService.java:185)\n\tat org.junit.platform.engine.support.hierarchical.ForkJoinPoolHierarchicalTestExecutorService.executeNonConcurrentTasks(ForkJoinPoolHierarchicalTestExecutorService.java:155)\n\tat org.junit.platform.engine.support.hierarchical.ForkJoinPoolHierarchicalTestExecutorService.invokeAll(ForkJoinPoolHierarchicalTestExecutorService.java:135)\n\tat org.junit.platform.engine.support.hierarchical.NodeTestTask.lambda$executeRecursively$5(NodeTestTask.java:143)\n\tat org.junit.platform.engine.support.hierarchical.ThrowableCollector.execute(ThrowableCollector.java:73)\n\tat org.junit.platform.engine.support.hierarchical.NodeTestTask.lambda$executeRecursively$7(NodeTestTask.java:129)\n\tat org.junit.platform.engine.support.hierarchical.Node.around(Node.java:137)\n\tat org.junit.platform.engine.support.hierarchical.NodeTestTask.lambda$executeRecursively$8(NodeTestTask.java:127)\n\tat org.junit.platform.engine.support.hierarchical.ThrowableCollector.execute(ThrowableCollector.java:73)\n\tat org.junit.platform.engine.support.hierarchical.NodeTestTask.executeRecursively(NodeTestTask.java:126)\n\tat org.junit.platform.engine.support.hierarchical.NodeTestTask.execute(NodeTestTask.java:84)\n\tat org.junit.platform.engine.support.hierarchical.ForkJoinPoolHierarchicalTestExecutorService$ExclusiveTask.compute(ForkJoinPoolHierarchicalTestExecutorService.java:185)\n\tat org.junit.platform.engine.support.hierarchical.ForkJoinPoolHierarchicalTestExecutorService.executeNonConcurrentTasks(ForkJoinPoolHierarchicalTestExecutorService.java:155)\n\tat org.junit.platform.engine.support.hierarchical.ForkJoinPoolHierarchicalTestExecutorService.invokeAll(ForkJoinPoolHierarchicalTestExecutorService.java:135)\n\tat org.junit.platform.engine.support.hierarchical.NodeTestTask.lambda$executeRecursively$5(NodeTestTask.java:143)\n\tat org.junit.platform.engine.support.hierarchical.ThrowableCollector.execute(ThrowableCollector.java:73)\n\tat org.junit.platform.engine.support.hierarchical.NodeTestTask.lambda$executeRecursively$7(NodeTestTask.java:129)\n\tat org.junit.platform.engine.support.hierarchical.Node.around(Node.java:137)\n\tat org.junit.platform.engine.support.hierarchical.NodeTestTask.lambda$executeRecursively$8(NodeTestTask.java:127)\n\tat org.junit.platform.engine.support.hierarchical.ThrowableCollector.execute(ThrowableCollector.java:73)\n\tat org.junit.platform.engine.support.hierarchical.NodeTestTask.executeRecursively(NodeTestTask.java:126)\n\tat org.junit.platform.engine.support.hierarchical.NodeTestTask.execute(NodeTestTask.java:84)\n\tat org.junit.platform.engine.support.hierarchical.ForkJoinPoolHierarchicalTestExecutorService$ExclusiveTask.compute(ForkJoinPoolHierarchicalTestExecutorService.java:185)\n\tat java.util.concurrent.RecursiveAction.exec(RecursiveAction.java:189)\n\tat java.util.concurrent.ForkJoinTask.doExec(ForkJoinTask.java:289)\n\tat java.util.concurrent.ForkJoinPool$WorkQueue.runTask(ForkJoinPool.java:1056)\n\tat java.util.concurrent.ForkJoinPool.runWorker(ForkJoinPool.java:1692)\n\tat java.util.concurrent.ForkJoinWorkerThread.run(ForkJoinWorkerThread.java:175)\n",
    "steps" : [ ],
    "attachments" : [ ],
    "parameters" : [ ],
    "stepsCount" : 0,
    "attachmentsCount" : 0,
    "shouldDisplayMessage" : true,
    "hasContent" : true
  } ],
  "afterStages" : [ {
    "name" : "tearDown",
    "time" : {
      "start" : 1629135073398,
      "stop" : 1629135073398,
      "duration" : 0
    },
    "status" : "passed",
    "steps" : [ ],
    "attachments" : [ ],
    "parameters" : [ ],
    "stepsCount" : 0,
    "attachmentsCount" : 0,
    "shouldDisplayMessage" : false,
    "hasContent" : false
  } ],
  "labels" : [ {
    "name" : "host",
    "value" : "fv-az47-628"
  }, {
    "name" : "thread",
    "value" : "2885@fv-az47-628.ForkJoinPool-1-worker-1(12)"
  }, {
    "name" : "framework",
    "value" : "junit-platform"
  }, {
    "name" : "language",
    "value" : "java"
  }, {
    "name" : "package",
    "value" : "LoginTest"
  }, {
    "name" : "testClass",
    "value" : "LoginTest"
  }, {
    "name" : "testMethod",
    "value" : "logInNegativeTest"
  }, {
    "name" : "suite",
    "value" : "LoginTest"
  }, {
    "name" : "resultFormat",
    "value" : "allure2"
  } ],
  "parameters" : [ ],
  "links" : [ ],
  "hidden" : false,
  "retry" : false,
  "extra" : {
    "severity" : "normal",
    "retries" : [ ],
    "categories" : [ {
      "name" : "Test defects",
      "matchedStatuses" : [ ],
      "flaky" : false
    } ],
    "history" : {
      "statistic" : {
        "failed" : 0,
        "broken" : 6,
        "skipped" : 0,
        "passed" : 0,
        "unknown" : 0,
        "total" : 6
      },
      "items" : [ {
        "uid" : "eff479457d3ff6ab",
        "reportUrl" : "https://tankoczi94.github.io/Vizsgaremek/17//#testresult/eff479457d3ff6ab",
        "status" : "broken",
        "statusDetails" : "no such element: Unable to locate element: {\"method\":\"xpath\",\"selector\":\"//*[contains(@class,'indpl_err_box')]\"}\n  (Session info: headless chrome=92.0.4515.131)\nFor documentation on this error, please visit: https://www.seleniumhq.org/exceptions/no_such_element.html\nBuild info: version: '3.141.59', revision: 'e82be7d358', time: '2018-11-14T08:17:03'\nSystem info: host: 'fv-az82-15', ip: '10.1.1.100', os.name: 'Linux', os.arch: 'amd64', os.version: '5.8.0-1039-azure', java.version: '1.8.0_302'\nDriver info: org.openqa.selenium.chrome.ChromeDriver\nCapabilities {acceptInsecureCerts: false, browserName: chrome, browserVersion: 92.0.4515.131, chrome: {chromedriverVersion: 92.0.4515.107 (87a818b10553..., userDataDir: /tmp/.com.google.Chrome.TLL9h3}, goog:chromeOptions: {debuggerAddress: localhost:36673}, javascriptEnabled: true, networkConnectionEnabled: false, pageLoadStrategy: normal, platform: LINUX, platformName: LINUX, proxy: Proxy(), setWindowRect: true, strictFileInteractability: false, timeouts: {implicit: 0, pageLoad: 300000, script: 30000}, unhandledPromptBehavior: dismiss and notify, webauthn:extension:credBlob: true, webauthn:extension:largeBlob: true, webauthn:virtualAuthenticators: true}\nSession ID: 14362d8828a8df07e1afc613c4bb82f4\n*** Element info: {Using=xpath, value=//*[contains(@class,'indpl_err_box')]}",
        "time" : {
          "start" : 1628689145421,
          "stop" : 1628689152186,
          "duration" : 6765
        }
      }, {
        "uid" : "e830b2e56d9e7674",
        "reportUrl" : "https://tankoczi94.github.io/Vizsgaremek/16//#testresult/e830b2e56d9e7674",
        "status" : "broken",
        "statusDetails" : "unknown error: Chrome failed to start: exited abnormally.\n  (unknown error: DevToolsActivePort file doesn't exist)\n  (The process started from chrome location /usr/bin/google-chrome is no longer running, so ChromeDriver is assuming that Chrome has crashed.)\nBuild info: version: '3.141.59', revision: 'e82be7d358', time: '2018-11-14T08:17:03'\nSystem info: host: 'fv-az47-289', ip: '10.1.1.29', os.name: 'Linux', os.arch: 'amd64', os.version: '5.8.0-1039-azure', java.version: '1.8.0_302'\nDriver info: driver.version: ChromeDriver\nremote stacktrace: #0 0x5601823c6a63 <unknown>\n#1 0x56018213b458 <unknown>\n#2 0x56018215e2e3 <unknown>\n#3 0x560182159e9f <unknown>\n#4 0x560182193b72 <unknown>\n#5 0x56018218dfd3 <unknown>\n#6 0x560182164514 <unknown>\n#7 0x560182165505 <unknown>\n#8 0x5601823f2e2e <unknown>\n#9 0x560182408886 <unknown>\n#10 0x5601823f3d75 <unknown>\n#11 0x560182409d94 <unknown>\n#12 0x5601823ea8eb <unknown>\n#13 0x560182424cd8 <unknown>\n#14 0x560182424e58 <unknown>\n#15 0x56018243edfd <unknown>\n#16 0x7f1eeb7bf609 start_thread\n",
        "time" : {
          "start" : 1628688928480,
          "stop" : 1628688928622,
          "duration" : 142
        }
      }, {
        "uid" : "77d14f97240be75f",
        "reportUrl" : "https://tankoczi94.github.io/Vizsgaremek/15//#testresult/77d14f97240be75f",
        "status" : "broken",
        "statusDetails" : "unknown error: Chrome failed to start: exited abnormally.\n  (unknown error: DevToolsActivePort file doesn't exist)\n  (The process started from chrome location /usr/bin/google-chrome is no longer running, so ChromeDriver is assuming that Chrome has crashed.)\nBuild info: version: '3.141.59', revision: 'e82be7d358', time: '2018-11-14T08:17:03'\nSystem info: host: 'fv-az82-15', ip: '10.1.0.115', os.name: 'Linux', os.arch: 'amd64', os.version: '5.8.0-1039-azure', java.version: '1.8.0_302'\nDriver info: driver.version: ChromeDriver\nremote stacktrace: #0 0x555a94631a63 <unknown>\n#1 0x555a943a6458 <unknown>\n#2 0x555a943c92e3 <unknown>\n#3 0x555a943c4e9f <unknown>\n#4 0x555a943feb72 <unknown>\n#5 0x555a943f8fd3 <unknown>\n#6 0x555a943cf514 <unknown>\n#7 0x555a943d0505 <unknown>\n#8 0x555a9465de2e <unknown>\n#9 0x555a94673886 <unknown>\n#10 0x555a9465ed75 <unknown>\n#11 0x555a94674d94 <unknown>\n#12 0x555a946558eb <unknown>\n#13 0x555a9468fcd8 <unknown>\n#14 0x555a9468fe58 <unknown>\n#15 0x555a946a9dfd <unknown>\n#16 0x7efc32d09609 start_thread\n",
        "time" : {
          "start" : 1628688709232,
          "stop" : 1628688709372,
          "duration" : 140
        }
      }, {
        "uid" : "6a44dfc6cfc264fb",
        "reportUrl" : "https://tankoczi94.github.io/Vizsgaremek/14//#testresult/6a44dfc6cfc264fb",
        "status" : "broken",
        "statusDetails" : "unknown error: Chrome failed to start: exited abnormally.\n  (unknown error: DevToolsActivePort file doesn't exist)\n  (The process started from chrome location /usr/bin/google-chrome is no longer running, so ChromeDriver is assuming that Chrome has crashed.)\nBuild info: version: '3.141.59', revision: 'e82be7d358', time: '2018-11-14T08:17:03'\nSystem info: host: 'fv-az82-623', ip: '10.1.0.156', os.name: 'Linux', os.arch: 'amd64', os.version: '5.8.0-1039-azure', java.version: '1.8.0_302'\nDriver info: driver.version: ChromeDriver\nremote stacktrace: #0 0x559b4a9f1a63 <unknown>\n#1 0x559b4a766458 <unknown>\n#2 0x559b4a7892e3 <unknown>\n#3 0x559b4a784e9f <unknown>\n#4 0x559b4a7beb72 <unknown>\n#5 0x559b4a7b8fd3 <unknown>\n#6 0x559b4a78f514 <unknown>\n#7 0x559b4a790505 <unknown>\n#8 0x559b4aa1de2e <unknown>\n#9 0x559b4aa33886 <unknown>\n#10 0x559b4aa1ed75 <unknown>\n#11 0x559b4aa34d94 <unknown>\n#12 0x559b4aa158eb <unknown>\n#13 0x559b4aa4fcd8 <unknown>\n#14 0x559b4aa4fe58 <unknown>\n#15 0x559b4aa69dfd <unknown>\n#16 0x7f8acac95609 start_thread\n",
        "time" : {
          "start" : 1628414945015,
          "stop" : 1628414945172,
          "duration" : 157
        }
      }, {
        "uid" : "6202d30000ada490",
        "reportUrl" : "https://tankoczi94.github.io/Vizsgaremek/13//#testresult/6202d30000ada490",
        "status" : "broken",
        "statusDetails" : "unknown error: Chrome failed to start: exited abnormally.\n  (unknown error: DevToolsActivePort file doesn't exist)\n  (The process started from chrome location /usr/bin/google-chrome is no longer running, so ChromeDriver is assuming that Chrome has crashed.)\nBuild info: version: '3.141.59', revision: 'e82be7d358', time: '2018-11-14T08:17:03'\nSystem info: host: 'fv-az72-552', ip: '10.1.0.69', os.name: 'Linux', os.arch: 'amd64', os.version: '5.8.0-1039-azure', java.version: '1.8.0_302'\nDriver info: driver.version: ChromeDriver\nremote stacktrace: #0 0x564be5774a63 <unknown>\n#1 0x564be54e9458 <unknown>\n#2 0x564be550c2e3 <unknown>\n#3 0x564be5507e9f <unknown>\n#4 0x564be5541b72 <unknown>\n#5 0x564be553bfd3 <unknown>\n#6 0x564be5512514 <unknown>\n#7 0x564be5513505 <unknown>\n#8 0x564be57a0e2e <unknown>\n#9 0x564be57b6886 <unknown>\n#10 0x564be57a1d75 <unknown>\n#11 0x564be57b7d94 <unknown>\n#12 0x564be57988eb <unknown>\n#13 0x564be57d2cd8 <unknown>\n#14 0x564be57d2e58 <unknown>\n#15 0x564be57ecdfd <unknown>\n#16 0x7f76cb138609 start_thread\n",
        "time" : {
          "start" : 1628406127853,
          "stop" : 1628406128052,
          "duration" : 199
        }
      } ]
    },
    "tags" : [ ]
  },
  "source" : "8fc88dd275701383.json",
  "parameterValues" : [ ]
}